<?xml version="1.0" encoding="UTF-8"?>
<!-- Generated by org.testng.reporters.JUnitReportReporter -->
<testsuite skipped="0" hostname="DESKTOP-O34S300" name="com.qa.tests.LoginPageTest" tests="1" failures="0" timestamp="14 Aug 2018 10:42:15 GMT" time="0.001" errors="0">
  <testcase name="startloginpage" time="0.001" classname="com.qa.tests.LoginPageTest"/>
</testsuite> <!-- com.qa.tests.LoginPageTest -->
