<?xml version="1.0" encoding="UTF-8"?>
<!-- Generated by org.testng.reporters.JUnitReportReporter -->
<testsuite skipped="0" hostname="DESKTOP-O34S300" name="com.qa.tests.HomePageTest" tests="1" failures="0" timestamp="14 Aug 2018 10:42:15 GMT" time="0.009" errors="0">
  <testcase name="starthomepage" time="0.009" classname="com.qa.tests.HomePageTest"/>
</testsuite> <!-- com.qa.tests.HomePageTest -->
